<?xml version="1.0" encoding="UTF-8"?>
<!-- Generated by org.testng.reporters.JUnitXMLReporter -->
<testsuite hostname="vnpt-itkv3-tungdl" name="com.guruv1.login" tests="2" failures="1" timestamp="28 Dec 2023 10:15:30 GMT" time="0.024" errors="0">
  <testcase name="TC01_CreateAnAcount" time="0.004" classname="com.guruv1.login.Login01_CreateAccountAndLogin"/>
  <testcase name="TC02_Login" time="0.003" classname="com.guruv1.login.Login01_CreateAccountAndLogin">
    <failure type="java.lang.NullPointerException">
      <![CDATA[java.lang.NullPointerException
	at com.guruv1.login.Login01_CreateAccountAndLogin.TC02_Login(Login01_CreateAccountAndLogin.java:28)
... Removed 24 stack frames]]>
    </failure>
  </testcase> <!-- TC02_Login -->
</testsuite> <!-- com.guruv1.login -->
